<?xml version="1.0" encoding="UTF-8"?>
<testsuites name="TSuite_02_Negative" time="69.009" tests="2" failures="0" errors="0">
   <testsuite name="TSuite_02_Negative" tests="2" failures="0" errors="0" time="69.009" skipped="0" timestamp="2023-05-31 18:50:20" hostname="Danang - DESKTOP-V3UDJBC" id="Test Suites/TSuite_02_Negative">
      <properties>
         <property name="deviceName" value="emulator-5554 (sdk_gphone_x86_64 - Android 13)"/>
         <property name="devicePlatform" value=""/>
         <property name="logFolder" value="D:\\Program Files\\Katalon\\Katalon Projects\\TaskDay8_KatalonMobileTesting_DendyIndriyoSaputro\\Reports\\20230531_185018\\TSuite_02_Negative\\20230531_185018"/>
         <property name="logFiles" value="D:\\Program Files\\Katalon\\Katalon Projects\\TaskDay8_KatalonMobileTesting_DendyIndriyoSaputro\\Reports\\20230531_185018\\TSuite_02_Negative\\20230531_185018\\appium.log, D:\\Program Files\\Katalon\\Katalon Projects\\TaskDay8_KatalonMobileTesting_DendyIndriyoSaputro\\Reports\\20230531_185018\\TSuite_02_Negative\\20230531_185018\\execution0.log"/>
         <property name="attachments" value="D:\Program Files\Katalon\Katalon Projects\TaskDay8_KatalonMobileTesting_DendyIndriyoSaputro\Screenshot\screenshot2.png, D:\Program Files\Katalon\Katalon Projects\TaskDay8_KatalonMobileTesting_DendyIndriyoSaputro\Screenshot\screenshot4.png"/>
         <property name="hostName" value="Danang - DESKTOP-V3UDJBC"/>
         <property name="os" value="Windows 10 64bit"/>
         <property name="appiumServerStatus" value="{&quot;value&quot;:{&quot;build&quot;:{&quot;version&quot;:&quot;1.22.3&quot;}},&quot;sessionId&quot;:null,&quot;status&quot;:0}"/>
         <property name="katalonVersion" value="8.6.0.208"/>
         <property name="deviceOS" value="Android"/>
         <property name="appiumVersion" value="1.22.3"/>
         <property name="deviceModel" value="sdk_gphone_x86_64"/>
         <property name="hostAddress" value="192.168.100.4"/>
         <property name="deviceManufacturer" value="Google"/>
         <property name="deviceId" value="emulator-5554"/>
         <property name="deviceName" value="emulator-5554 (sdk_gphone_x86_64 - Android 13)"/>
         <property name="deviceOSVersion" value="13"/>
      </properties>
      <testcase name="Test Cases/TCN_01_Checkout using invalid account" time="23.421" classname="Test Cases/TCN_01_Checkout using invalid account" status="PASSED">
         <system-out><![CDATA[2023-05-31 18:50:20 - [TEST_CASE][PASSED] - Test Cases/TCN_01_Checkout using invalid account: Test Cases/TCN_01_Checkout using invalid account

2023-05-31 18:50:20 - [TEST_STEP][PASSED] - startApplication(APK, true): Started app at: 'D:\APK\Android-MyDemoAppRN.1.2.0.build-231.apk'

2023-05-31 18:50:21 - [MESSAGE][INFO] - Detected NodeJS location: "C:\Program Files\nodejs\node.exe"

2023-05-31 18:50:22 - [MESSAGE][INFO] - Appium server started on port 53,828

2023-05-31 18:50:32 - [MESSAGE][PASSED] - Started app at: 'D:\APK\Android-MyDemoAppRN.1.2.0.build-231.apk'

2023-05-31 18:50:32 - [TEST_STEP][PASSED] - tap(findTestObject("Object Repository/Android/android.widget.ImageView - Sauce Labs Backpack"), 0): Tapped on element 'Object Repository/Android/android.widget.ImageView - Sauce Labs Backpack'

2023-05-31 18:50:32 - [MESSAGE][WARNING] - Timeout '0' is invalid. Using default page load timeout: '30'

2023-05-31 18:50:33 - [MESSAGE][PASSED] - Tapped on element 'Object Repository/Android/android.widget.ImageView - Sauce Labs Backpack'

2023-05-31 18:50:33 - [TEST_STEP][PASSED] - tap(findTestObject("Object Repository/Android/android.widget.ImageView - Plus Icon"), 0): Tapped on element 'Object Repository/Android/android.widget.ImageView - Plus Icon'

2023-05-31 18:50:33 - [MESSAGE][WARNING] - Timeout '0' is invalid. Using default page load timeout: '30'

2023-05-31 18:50:34 - [MESSAGE][PASSED] - Tapped on element 'Object Repository/Android/android.widget.ImageView - Plus Icon'

2023-05-31 18:50:34 - [TEST_STEP][PASSED] - tap(findTestObject("Object Repository/Android/android.widget.TextView - Add To Cart"), 0): Tapped on element 'Object Repository/Android/android.widget.TextView - Add To Cart'

2023-05-31 18:50:34 - [MESSAGE][WARNING] - Timeout '0' is invalid. Using default page load timeout: '30'

2023-05-31 18:50:35 - [MESSAGE][PASSED] - Tapped on element 'Object Repository/Android/android.widget.TextView - Add To Cart'

2023-05-31 18:50:35 - [TEST_STEP][PASSED] - tap(findTestObject("Object Repository/Android/android.widget.ImageView - Cart Icon"), 0): Tapped on element 'Object Repository/Android/android.widget.ImageView - Cart Icon'

2023-05-31 18:50:35 - [MESSAGE][WARNING] - Timeout '0' is invalid. Using default page load timeout: '30'

2023-05-31 18:50:36 - [MESSAGE][PASSED] - Tapped on element 'Object Repository/Android/android.widget.ImageView - Cart Icon'

2023-05-31 18:50:36 - [TEST_STEP][PASSED] - tap(findTestObject("Object Repository/Android/android.widget.TextView - Proceed To Checkout"), 0): Tapped on element 'Object Repository/Android/android.widget.TextView - Proceed To Checkout'

2023-05-31 18:50:36 - [MESSAGE][WARNING] - Timeout '0' is invalid. Using default page load timeout: '30'

2023-05-31 18:50:37 - [MESSAGE][PASSED] - Tapped on element 'Object Repository/Android/android.widget.TextView - Proceed To Checkout'

2023-05-31 18:50:37 - [TEST_STEP][PASSED] - setText(findTestObject("Object Repository/Android/android.widget.EditText - Username"), INV_USERNAME, 0): Text 'alice@example.com' has been set to element 'Object Repository/Android/android.widget.EditText - Username'

2023-05-31 18:50:37 - [MESSAGE][WARNING] - Timeout '0' is invalid. Using default page load timeout: '30'

2023-05-31 18:50:38 - [MESSAGE][PASSED] - Text 'alice@example.com' has been set to element 'Object Repository/Android/android.widget.EditText - Username'

2023-05-31 18:50:38 - [TEST_STEP][PASSED] - setEncryptedText(findTestObject("Object Repository/Android/android.widget.EditText - Password"), PASSWORD, 0): Encrypted text 'dbXIBZ66cuht4KTRMDozZw==' has been set to element 'Object Repository/Android/android.widget.EditText - Password'

2023-05-31 18:50:38 - [MESSAGE][WARNING] - Timeout '0' is invalid. Using default page load timeout: '30'

2023-05-31 18:50:40 - [MESSAGE][PASSED] - Encrypted text 'dbXIBZ66cuht4KTRMDozZw==' has been set to element 'Object Repository/Android/android.widget.EditText - Password'

2023-05-31 18:50:40 - [TEST_STEP][PASSED] - tap(findTestObject("Object Repository/Android/android.widget.TextView - Login"), 0): Tapped on element 'Object Repository/Android/android.widget.TextView - Login'

2023-05-31 18:50:40 - [MESSAGE][WARNING] - Timeout '0' is invalid. Using default page load timeout: '30'

2023-05-31 18:50:40 - [MESSAGE][PASSED] - Tapped on element 'Object Repository/Android/android.widget.TextView - Login'

2023-05-31 18:50:40 - [TEST_STEP][PASSED] - takeScreenshot("D:\Program Files\Katalon\Katalon Projects\TaskDay8_KatalonMobileTesting_DendyIndriyoSaputro\Screenshot\screenshot2.png"): Screenshot is taken

2023-05-31 18:50:41 - [MESSAGE][PASSED] - Screenshot is taken
[[ATTACHMENT|D:\Program Files\Katalon\Katalon Projects\TaskDay8_KatalonMobileTesting_DendyIndriyoSaputro\Screenshot\screenshot2.png]]

2023-05-31 18:50:41 - [TEST_STEP][PASSED] - delay(2): Delayed 2 second(s)

2023-05-31 18:50:43 - [MESSAGE][PASSED] - Delayed 2 second(s)

2023-05-31 18:50:43 - [TEST_STEP][PASSED] - closeApplication(): Close app successfully

2023-05-31 18:50:44 - [MESSAGE][PASSED] - Close app successfully]]></system-out>
         <system-err><![CDATA[]]></system-err>
      </testcase>
      <testcase name="Test Cases/TCN_02_Checkout using invalid card" time="45.414" classname="Test Cases/TCN_02_Checkout using invalid card" status="PASSED">
         <system-out><![CDATA[2023-05-31 18:50:44 - [TEST_CASE][PASSED] - Test Cases/TCN_02_Checkout using invalid card: Test Cases/TCN_02_Checkout using invalid card

2023-05-31 18:50:44 - [TEST_STEP][PASSED] - startApplication(APK, true): Started app at: 'D:\APK\Android-MyDemoAppRN.1.2.0.build-231.apk'

2023-05-31 18:50:44 - [MESSAGE][INFO] - Detected NodeJS location: "C:\Program Files\nodejs\node.exe"

2023-05-31 18:50:45 - [MESSAGE][INFO] - Appium server started on port 54,060

2023-05-31 18:50:55 - [MESSAGE][PASSED] - Started app at: 'D:\APK\Android-MyDemoAppRN.1.2.0.build-231.apk'

2023-05-31 18:50:55 - [TEST_STEP][PASSED] - tap(findTestObject("Object Repository/Android/android.widget.ImageView - Sauce Labs Backpack"), 0): Tapped on element 'Object Repository/Android/android.widget.ImageView - Sauce Labs Backpack'

2023-05-31 18:50:55 - [MESSAGE][WARNING] - Timeout '0' is invalid. Using default page load timeout: '30'

2023-05-31 18:50:55 - [MESSAGE][PASSED] - Tapped on element 'Object Repository/Android/android.widget.ImageView - Sauce Labs Backpack'

2023-05-31 18:50:55 - [TEST_STEP][PASSED] - tap(findTestObject("Object Repository/Android/android.widget.ImageView - Plus Icon"), 0): Tapped on element 'Object Repository/Android/android.widget.ImageView - Plus Icon'

2023-05-31 18:50:55 - [MESSAGE][WARNING] - Timeout '0' is invalid. Using default page load timeout: '30'

2023-05-31 18:50:56 - [MESSAGE][PASSED] - Tapped on element 'Object Repository/Android/android.widget.ImageView - Plus Icon'

2023-05-31 18:50:56 - [TEST_STEP][PASSED] - tap(findTestObject("Object Repository/Android/android.widget.TextView - Add To Cart"), 0): Tapped on element 'Object Repository/Android/android.widget.TextView - Add To Cart'

2023-05-31 18:50:57 - [MESSAGE][WARNING] - Timeout '0' is invalid. Using default page load timeout: '30'

2023-05-31 18:50:57 - [MESSAGE][PASSED] - Tapped on element 'Object Repository/Android/android.widget.TextView - Add To Cart'

2023-05-31 18:50:57 - [TEST_STEP][PASSED] - tap(findTestObject("Object Repository/Android/android.widget.ImageView - Cart Icon"), 0): Tapped on element 'Object Repository/Android/android.widget.ImageView - Cart Icon'

2023-05-31 18:50:58 - [MESSAGE][WARNING] - Timeout '0' is invalid. Using default page load timeout: '30'

2023-05-31 18:50:58 - [MESSAGE][PASSED] - Tapped on element 'Object Repository/Android/android.widget.ImageView - Cart Icon'

2023-05-31 18:50:58 - [TEST_STEP][PASSED] - tap(findTestObject("Object Repository/Android/android.widget.ImageView - Minus Icon"), 0): Tapped on element 'Object Repository/Android/android.widget.ImageView - Minus Icon'

2023-05-31 18:50:58 - [MESSAGE][WARNING] - Timeout '0' is invalid. Using default page load timeout: '30'

2023-05-31 18:50:59 - [MESSAGE][PASSED] - Tapped on element 'Object Repository/Android/android.widget.ImageView - Minus Icon'

2023-05-31 18:50:59 - [TEST_STEP][PASSED] - tap(findTestObject("Object Repository/Android/android.widget.TextView - Proceed To Checkout"), 0): Tapped on element 'Object Repository/Android/android.widget.TextView - Proceed To Checkout'

2023-05-31 18:50:59 - [MESSAGE][WARNING] - Timeout '0' is invalid. Using default page load timeout: '30'

2023-05-31 18:51:00 - [MESSAGE][PASSED] - Tapped on element 'Object Repository/Android/android.widget.TextView - Proceed To Checkout'

2023-05-31 18:51:00 - [TEST_STEP][PASSED] - setText(findTestObject("Object Repository/Android/android.widget.EditText - Username"), USERNAME, 0): Text 'bob@example.com' has been set to element 'Object Repository/Android/android.widget.EditText - Username'

2023-05-31 18:51:00 - [MESSAGE][WARNING] - Timeout '0' is invalid. Using default page load timeout: '30'

2023-05-31 18:51:02 - [MESSAGE][PASSED] - Text 'bob@example.com' has been set to element 'Object Repository/Android/android.widget.EditText - Username'

2023-05-31 18:51:02 - [TEST_STEP][PASSED] - setEncryptedText(findTestObject("Object Repository/Android/android.widget.EditText - Password"), PASSWORD, 0): Encrypted text 'dbXIBZ66cuht4KTRMDozZw==' has been set to element 'Object Repository/Android/android.widget.EditText - Password'

2023-05-31 18:51:02 - [MESSAGE][WARNING] - Timeout '0' is invalid. Using default page load timeout: '30'

2023-05-31 18:51:03 - [MESSAGE][PASSED] - Encrypted text 'dbXIBZ66cuht4KTRMDozZw==' has been set to element 'Object Repository/Android/android.widget.EditText - Password'

2023-05-31 18:51:03 - [TEST_STEP][PASSED] - tap(findTestObject("Object Repository/Android/android.widget.TextView - Login"), 0): Tapped on element 'Object Repository/Android/android.widget.TextView - Login'

2023-05-31 18:51:03 - [MESSAGE][WARNING] - Timeout '0' is invalid. Using default page load timeout: '30'

2023-05-31 18:51:04 - [MESSAGE][PASSED] - Tapped on element 'Object Repository/Android/android.widget.TextView - Login'

2023-05-31 18:51:04 - [TEST_STEP][PASSED] - setText(findTestObject("Object Repository/Android/android.widget.EditText - Full Name"), "Abdul Budi", 0): Text 'Abdul Budi' has been set to element 'Object Repository/Android/android.widget.EditText - Full Name'

2023-05-31 18:51:04 - [MESSAGE][WARNING] - Timeout '0' is invalid. Using default page load timeout: '30'

2023-05-31 18:51:06 - [MESSAGE][PASSED] - Text 'Abdul Budi' has been set to element 'Object Repository/Android/android.widget.EditText - Full Name'

2023-05-31 18:51:06 - [TEST_STEP][PASSED] - setText(findTestObject("Object Repository/Android/android.widget.EditText - Address Line 1"), "Mawar 123", 0): Text 'Mawar 123' has been set to element 'Object Repository/Android/android.widget.EditText - Address Line 1'

2023-05-31 18:51:06 - [MESSAGE][WARNING] - Timeout '0' is invalid. Using default page load timeout: '30'

2023-05-31 18:51:07 - [MESSAGE][PASSED] - Text 'Mawar 123' has been set to element 'Object Repository/Android/android.widget.EditText - Address Line 1'

2023-05-31 18:51:07 - [TEST_STEP][PASSED] - setText(findTestObject("Object Repository/Android/android.widget.EditText - City"), "Bekasi", 0): Text 'Bekasi' has been set to element 'Object Repository/Android/android.widget.EditText - City'

2023-05-31 18:51:07 - [MESSAGE][WARNING] - Timeout '0' is invalid. Using default page load timeout: '30'

2023-05-31 18:51:09 - [MESSAGE][PASSED] - Text 'Bekasi' has been set to element 'Object Repository/Android/android.widget.EditText - City'

2023-05-31 18:51:09 - [TEST_STEP][PASSED] - setText(findTestObject("Object Repository/Android/android.widget.EditText - StateorRegion"), "Jawa Barat", 0): Text 'Jawa Barat' has been set to element 'Object Repository/Android/android.widget.EditText - StateorRegion'

2023-05-31 18:51:09 - [MESSAGE][WARNING] - Timeout '0' is invalid. Using default page load timeout: '30'

2023-05-31 18:51:10 - [MESSAGE][PASSED] - Text 'Jawa Barat' has been set to element 'Object Repository/Android/android.widget.EditText - StateorRegion'

2023-05-31 18:51:10 - [TEST_STEP][PASSED] - setText(findTestObject("Object Repository/Android/android.widget.EditText - Zip Code"), "17424", 0): Text '17424' has been set to element 'Object Repository/Android/android.widget.EditText - Zip Code'

2023-05-31 18:51:10 - [MESSAGE][WARNING] - Timeout '0' is invalid. Using default page load timeout: '30'

2023-05-31 18:51:12 - [MESSAGE][PASSED] - Text '17424' has been set to element 'Object Repository/Android/android.widget.EditText - Zip Code'

2023-05-31 18:51:12 - [TEST_STEP][PASSED] - setText(findTestObject("Object Repository/Android/android.widget.EditText - Country"), "Indonesia", 0): Text 'Indonesia' has been set to element 'Object Repository/Android/android.widget.EditText - Country'

2023-05-31 18:51:12 - [MESSAGE][WARNING] - Timeout '0' is invalid. Using default page load timeout: '30'

2023-05-31 18:51:13 - [MESSAGE][PASSED] - Text 'Indonesia' has been set to element 'Object Repository/Android/android.widget.EditText - Country'

2023-05-31 18:51:13 - [TEST_STEP][PASSED] - tap(findTestObject("Object Repository/Android/android.view.ViewGroup - To Payment"), 0): Tapped on element 'Object Repository/Android/android.view.ViewGroup - To Payment'

2023-05-31 18:51:13 - [MESSAGE][WARNING] - Timeout '0' is invalid. Using default page load timeout: '30'

2023-05-31 18:51:14 - [MESSAGE][PASSED] - Tapped on element 'Object Repository/Android/android.view.ViewGroup - To Payment'

2023-05-31 18:51:14 - [TEST_STEP][PASSED] - setText(findTestObject("Object Repository/Android/android.widget.EditText - Card - Full Name"), "Rebecca Winter", 0): Text 'Rebecca Winter' has been set to element 'Object Repository/Android/android.widget.EditText - Card - Full Name'

2023-05-31 18:51:14 - [MESSAGE][WARNING] - Timeout '0' is invalid. Using default page load timeout: '30'

2023-05-31 18:51:16 - [MESSAGE][PASSED] - Text 'Rebecca Winter' has been set to element 'Object Repository/Android/android.widget.EditText - Card - Full Name'

2023-05-31 18:51:16 - [TEST_STEP][PASSED] - setText(findTestObject("Object Repository/Android/android.widget.EditText - Card - Card Number"), "asd", 1): Text 'asd' has been set to element 'Object Repository/Android/android.widget.EditText - Card - Card Number'

2023-05-31 18:51:18 - [MESSAGE][PASSED] - Text 'asd' has been set to element 'Object Repository/Android/android.widget.EditText - Card - Card Number'

2023-05-31 18:51:18 - [TEST_STEP][PASSED] - delay(3): Delayed 3 second(s)

2023-05-31 18:51:21 - [MESSAGE][PASSED] - Delayed 3 second(s)

2023-05-31 18:51:21 - [TEST_STEP][PASSED] - setText(findTestObject("Object Repository/Android/android.widget.EditText - Card - Expiration Date"), "0/2", 0): Text '0/2' has been set to element 'Object Repository/Android/android.widget.EditText - Card - Expiration Date'

2023-05-31 18:51:21 - [MESSAGE][WARNING] - Timeout '0' is invalid. Using default page load timeout: '30'

2023-05-31 18:51:22 - [MESSAGE][PASSED] - Text '0/2' has been set to element 'Object Repository/Android/android.widget.EditText - Card - Expiration Date'

2023-05-31 18:51:22 - [TEST_STEP][PASSED] - setText(findTestObject("Object Repository/Android/android.widget.EditText - Card - Security Code"), "12", 0): Text '12' has been set to element 'Object Repository/Android/android.widget.EditText - Card - Security Code'

2023-05-31 18:51:22 - [MESSAGE][WARNING] - Timeout '0' is invalid. Using default page load timeout: '30'

2023-05-31 18:51:23 - [MESSAGE][PASSED] - Text '12' has been set to element 'Object Repository/Android/android.widget.EditText - Card - Security Code'

2023-05-31 18:51:23 - [TEST_STEP][PASSED] - delay(3): Delayed 3 second(s)

2023-05-31 18:51:26 - [MESSAGE][PASSED] - Delayed 3 second(s)

2023-05-31 18:51:26 - [TEST_STEP][PASSED] - takeScreenshot("D:\Program Files\Katalon\Katalon Projects\TaskDay8_KatalonMobileTesting_DendyIndriyoSaputro\Screenshot\screenshot4.png"): Screenshot is taken

2023-05-31 18:51:26 - [MESSAGE][PASSED] - Screenshot is taken
[[ATTACHMENT|D:\Program Files\Katalon\Katalon Projects\TaskDay8_KatalonMobileTesting_DendyIndriyoSaputro\Screenshot\screenshot4.png]]

2023-05-31 18:51:26 - [TEST_STEP][PASSED] - delay(2): Delayed 2 second(s)

2023-05-31 18:51:28 - [MESSAGE][PASSED] - Delayed 2 second(s)

2023-05-31 18:51:28 - [TEST_STEP][PASSED] - closeApplication(): Close app successfully

2023-05-31 18:51:29 - [MESSAGE][PASSED] - Close app successfully]]></system-out>
         <system-err><![CDATA[]]></system-err>
      </testcase>
      <system-out><![CDATA[2023-05-31 18:50:20 - [TEST_SUITE][PASSED] - TSuite_02_Negative: Test Cases/TCN_02_Checkout using invalid card]]></system-out>
      <system-err><![CDATA[]]></system-err>
   </testsuite>
</testsuites>
